0:100  0:100  MemLog inited, TSC freq: 2710665610
0:100  0:000  CPU was calibrated with RTC
0:100  0:000  
0:100  0:000  Now is 23.2.2019,  2:31:28 (GMT)
0:100  0:000  Starting Clover revision: 4871 on INSYDE Corp. EFI
0:100  0:000  Build with: [Args: -nb -mc --no-usb -D NO_GRUB_DRIVERS_EMBEDDED | -D DISABLE_USB_SUPPORT -D NO_GRUB_DRIVERS_EMBEDDED -D USE_BIOS_BLOCKIO -D USE_LOW_EBDA -a X64 -b RELEASE -t XCODE8 -n 5 | OS: 10.13.6 | XCODE: 10.1]
0:100  0:000  SelfDevicePath=PciRoot(0x0)\Pci(0x17,0x0)\Sata(0x0,0x0,0x0)\HD(1,GPT,0A0AF98E-E0F5-4A7C-AB20-4FDA4A511B8D,0x800,0x82000) @5E67DDD8
0:100  0:000  SelfDirPath = \EFI\CLOVER
0:100  0:000  === [ Get Smbios ] ========================================
0:100  0:000  Type 16 Index = 0
0:100  0:000  Total Memory Slots Count = 2
0:100  0:000  Type 17 Index = 0
0:100  0:000  SmbiosTable.Type17->Speed = 2133MHz
0:100  0:000  SmbiosTable.Type17->Size = 4096MB
0:100  0:000  SmbiosTable.Type17->Bank/Device = BANK 0 ChannelA-DIMM0
0:100  0:000  SmbiosTable.Type17->Vendor = Samsung
0:100  0:000  SmbiosTable.Type17->SerialNumber = 19082CBE
0:100  0:000  SmbiosTable.Type17->PartNumber = M471A5244CB0-CRC    
0:100  0:000  Type 17 Index = 1
0:100  0:000  Ignoring insane frequency value 0MHz
0:100  0:000  SmbiosTable.Type17->Speed = 0MHz
0:100  0:000  SmbiosTable.Type17->Size = 0MB
0:100  0:000  SmbiosTable.Type17->Bank/Device = BANK 1 ChannelA-DIMM1
0:100  0:000  SmbiosTable.Type17->Vendor = <null string>
0:100  0:000  SmbiosTable.Type17->SerialNumber = <null string>
0:100  0:000  SmbiosTable.Type17->PartNumber = <null string>
0:100  0:000  Boot status=0
0:100  0:000  Running on: '80V4' with board 'LNVNB161216'
0:100  0:000  === [ GetCPUProperties ] ==================================
0:100  0:000  CPU Vendor = 756E6547 Model=806E9
0:100  0:000   The CPU supported SSE4.1
0:100  0:000  BrandString = Intel(R) Core(TM) i5-7200U CPU @ 2.50GHz
0:100  0:000   The CPU supported turbo
0:100  0:000  MSR 0x35               20004
0:100  0:000   TSC/CCC Information Leaf:
0:100  0:000    numerator     : 226
0:100  0:000    denominator   : 2
0:100  0:000   Calibrated ARTFrequency: 23988191
0:100  0:000  MSR 0xE2 before patch 1E008008
0:100  0:000  MSR 0xE2 is locked, PM patches will be turned on
0:100  0:000  MSR 0xCE              0004043D_F1011B00
0:100  0:000  corrected FLEX_RATIO = 0
0:100  0:000  MSR 0x1B0             00000000
0:100  0:000  FSBFrequency = 104 MHz, DMI FSBFrequency = 100 MHz, Corrected FSBFrequency = 100 MHz
0:100  0:000  MaxDiv/MinDiv: 27.0/4
0:100  0:000  Turbo: 31/31/31/31
0:100  0:000  Features: 0xBFEBFBFF
0:100  0:000  Threads: 4
0:100  0:000  Cores: 2
0:100  0:000  FSB: 100 MHz
0:100  0:000  CPU: 2800 MHz
0:100  0:000  TSC: 2800 MHz
0:100  0:000  PIS: 100 MHz
0:100  0:000  ExternalClock: 25 MHz
0:100  0:000  === [ GetDevices ] ========================================
0:100  0:000  PCI (00|00:00.00) : 8086 5904 class=060000
0:100  0:000  PCI (00|00:02.00) : 8086 5916 class=030000
0:100  0:000   - GFX: Model=Intel HD Graphics 620 (Intel)
0:100  0:000  PCI (00|00:14.00) : 8086 9D2F class=0C0330
0:100  0:000  PCI (00|00:14.02) : 8086 9D31 class=118000
0:100  0:000  PCI (00|00:15.00) : 8086 9D60 class=118000
0:100  0:000  PCI (00|00:15.01) : 8086 9D61 class=118000
0:100  0:000  PCI (00|00:16.00) : 8086 9D3A class=078000
0:100  0:000  PCI (00|00:17.00) : 8086 9D03 class=010601
0:100  0:000  PCI (00|00:1C.00) : 8086 9D10 class=060400
0:100  0:000  PCI (00|01:00.00) : 10DE 134D class=030200
0:100  0:000  PCI (00|00:1C.05) : 8086 9D15 class=060400
0:100  0:000  PCI (00|02:00.00) : 14E4 43A3 class=028000
0:100  0:000   - WIFI: Vendor=Broadcom
0:100  0:000  PCI (00|00:1D.00) : 8086 9D18 class=060400
0:100  0:000  PCI (00|03:00.00) : 10EC 5229 class=FF0000
0:100  0:000  PCI (00|00:1E.00) : 8086 9D27 class=118000
0:100  0:000  PCI (00|00:1F.00) : 8086 9D58 class=060100
0:100  0:000  PCI (00|00:1F.02) : 8086 9D21 class=058000
0:100  0:000  PCI (00|00:1F.03) : 8086 9D71 class=040300
0:100  0:000  PCI (00|00:1F.04) : 8086 9D23 class=0C0500
0:100  0:000  === [ GetDefaultSettings ] ================================
0:100  0:000  Clover load options size = 0 bytes
0:102  0:001  EFI\CLOVER\config.plist loaded: Success
0:102  0:000  === [ GetListOfThemes ] ===================================
0:102  0:000  - [00]: random
0:102  0:000  - [00]: embedded
0:102  0:000  === [ Found config plists ] ===============================
0:102  0:000  - config.plist
0:103  0:000  === [ GetEarlyUserSettings ] ==============================
0:103  0:000  timeout set to 0
0:103  0:000  Custom boot CUSTOM_BOOT_DISABLED (0x0)
0:103  0:000  ForceKextsToLoad: 1 requested
0:103  0:000   - [0]: System\Library\Extensions\IONetworkingFamily.kext
0:103  0:000  KextsToPatch: 10 requested
0:103  0:000   - [00]: com.apple.iokit.IOUSBHostFamily (USB port limit patch 10.14.x modify by DalianSky(credit ydeng)) :: MatchOS: 10.14.x :: BinPatch :: data len: 4
0:103  0:000   - [01]: com.apple.driver.usb.AppleUSBXHCI (USB Port limit patch 10.14.x modify by DalianSky(credits PMheart)) :: MatchOS: 10.14.x :: BinPatch :: data len: 4
0:103  0:000   - [02]: IOBufferCopyController (disable IOBufferCopyController (Credit by DalianSky)) :: PlistPatch :: data len: 5
0:103  0:000   - [03]: AppleIntelLpssI2C (Disable AppleIntelLpssI2C (credit by Coolstar)) :: PlistPatch :: data len: 5
0:103  0:000   - [04]: AppleIntelLpssI2CController (Disable AppleIntelLpssI2CCOntroller (credit by Coolstar)) :: PlistPatch :: data len: 5
0:103  0:000   - [05]: com.apple.driver.AppleBacklight (AppleBacklightInjector.kext (credit RehabMan)) :: BinPatch :: data len: 9
0:103  0:000   - [06]: com.apple.iokit.IOAHCIBlockStorage (Enable TRIM for SSD) :: BinPatch :: data len: 11
0:103  0:000   - [07]: com.apple.driver.usb.AppleUSBXHCI (10.13.x USB Port Limit Patch) :: MatchOS: 10.13.x :: BinPatch :: data len: 10
0:103  0:000   - patch disabled at config
0:103  0:000   - [08]: com.apple.driver.usb.AppleUSBXHCI (USB Port limit patch 10.14 (credits FredWst)) :: MatchOS: 10.14 :: BinPatch :: data len: 9
0:103  0:000   - [09]: com.apple.driver.usb.AppleUSBXHCI (USB Port limit patch 10.14.1 18B50C (credits DalianSky)) :: MatchOS: 10.14.1 :: BinPatch :: data len: 9
0:103  0:000  KernelToPatch: 4 requested
0:103  0:000   - [00]: Disable panic kext logging on 10.13 Debug kernel :: MatchOS: 10.13.x :: data len: 6
0:103  0:000   - [01]: Disable panic kext logging on 10.13 Release kernel :: MatchOS: 10.13.x :: data len: 6
0:103  0:000   - [02]: Disable panic kext logging on 10.14 Release kernel (c) vit9696 :: MatchOS: 10.14.x :: data len: 6
0:103  0:000   - [03]: MSR 0xE2 _xcpm_idle instant reboot(c) Pike R. Alpha :: data len: 8
0:103  0:000  Default theme: embedded
0:103  0:000  Hiding entries with string Preboot
0:103  0:000  Hiding entries with string Recovery
0:103  0:000  Hiding entries with string Windows
0:103  0:000  === [ LoadDrivers ] =======================================
0:103  0:000  Loading DataHubDxe-64.efi  status=Success
0:106  0:002  Loading VBoxHfs-64.efi  status=Success
0:108  0:002   - driver needs connecting
0:108  0:000  Loading FSInject-64.efi  status=Success
0:111  0:002  Loading SMCHelper-64.efi  status=Success
0:113  0:002  Loading AudioDxe-64.efi  status=Success
0:115  0:002   - driver needs connecting
0:115  0:000  Loading apfs.efi  status=Success
0:121  0:006   - driver needs connecting
0:121  0:000  Loading ApfsDriverLoader-64.efi  status=Success
0:123  0:001   - driver needs connecting
0:123  0:000  Loading AppleImageCodec-64.efi  status=Success
0:125  0:001  Loading AppleImageLoader-64.efi  status=Success
0:127  0:001  Loading AppleKeyAggregator-64.efi  status=Success
0:129  0:002  Loading AppleUISupport-64.efi  status=Success
0:232  0:103  Loading AppleUITheme-64.efi  status=Success
0:235  0:002  Loading OsxAptioFix2Drv-free2000.efi  status=Success
0:237  0:002  Loading EmuVariableUefi-64.efi  status=Success
0:239  0:002  EmuVariableUefi Initialize: VariableCommonInitialize = Success, orig services stored, install gEmuVariableControlProtocolGuid = Success
0:240  0:000  Loading Fat-64.efi  status=Success
0:242  0:002   - driver needs connecting
0:242  0:000  Loading FirmwareVolume-64.efi  status=Success
0:244  0:001  Loading HFSPlus-64.efi  status=Success
0:246  0:001   - driver needs connecting
0:246  0:000  Loading HFSPlus.efi  status=Success
0:248  0:002   - driver needs connecting
0:248  0:000  Loading NTFS.efi  status=Success
0:251  0:003   - driver needs connecting
0:251  0:000  Loading NvmExpressDxe-64.efi  status=Success
0:253  0:002   - driver needs connecting
0:253  0:000  9 drivers needs connecting ...
0:253  0:000  PlatformDriverOverrideProtocol->GetDriver overriden
0:253  0:000  HFS+ driver loaded
0:253  0:000  APFS driver loaded
0:253  0:000  Searching for invalid DiskIo BY_DRIVER connects: not found, all ok
4:196  3:942  EmuVariable InstallEmulation: orig vars copied, emu.var.services installed, CreateEvent VirtualAddressChange = Success, CreateEvent ExitBootServices = Success, set Status=Success
4:229  0:032  === [ InitScreen ] ========================================
4:229  0:000  SetScreenResolution: 1920x1080 - already set
4:229  0:000  Console modes reported: 7, available modes:
4:229  0:000   - [01]: 80x25
4:229  0:000   - [02]: 80x50
4:229  0:000   - [03]: 80x25
4:229  0:000   - [04]: 240x56 (current mode)
4:229  0:000   - [05]: 100x31
4:229  0:000   - [06]: 128x40
4:229  0:000   - [07]: 160x53
4:229  0:000  SetScreenResolution: 1920x1080 - already set
4:229  0:000  reinit: self device path=PciRoot(0x0)\Pci(0x17,0x0)\Sata(0x0,0x0,0x0)\HD(1,GPT,0A0AF98E-E0F5-4A7C-AB20-4FDA4A511B8D,0x800,0x82000)
4:229  0:000  === [ GetMacAddress ] =====================================
4:229  0:000  === [ ScanSPD ] ===========================================
4:229  0:000  Scanning SMBus [8086:9D23], mmio: 0x94630004, ioport: 0x4040, hostc: 0x11
4:247  0:018  Slot: 0 Type 26 4096MB 2400MHz Vendor=Samsung PartNo=M471A5244CB0-CRC SerialNo=01090008020C0B0E
4:248  0:001  === [ GetAcpiTablesList ] =================================
4:248  0:000  Get Acpi Tables List from RSDT:
4:248  0:000   - [00]: FACP  CB-01    len=268
4:248  0:000   - [01]: UEFI  CB-01    len=566
4:248  0:000   - [02]: UEFI  CB-01    len=66
4:248  0:000   - [03]: MSDM  CB-01    len=85
4:248  0:000   - [04]: SSDT  CB-01    len=1213
4:248  0:000   - [05]: SSDT  CB-01    len=70
4:248  0:000   - [06]: TPM2  CB-01    len=52
4:248  0:000   - [07]: SSDT  CB-01    len=12565
4:248  0:000   - [08]: ASF!  CB-01    len=165
4:248  0:000   - [09]: ASPT  CB-01    len=52
4:248  0:000   - [10]: BOOT  CB-01    len=40
4:248  0:000   - [11]: DBGP  CB-01    len=52
4:248  0:000   - [12]: HPET  CB-01    len=56
4:248  0:000   - [13]: APIC  CB-01    len=188
4:248  0:000   - [14]: MCFG  CB-01    len=60
4:248  0:000   - [15]: SSDT  CB-01    len=2860
4:248  0:000   - [16]: SSDT  CB-01    len=444
4:248  0:000   - [17]: LPIT  CB-01    len=148
4:248  0:000   - [18]: WSMT  CB-01    len=40
4:248  0:000   - [19]: SSDT  CB-01    len=671
4:248  0:000   - [20]: SSDT  CB-01    len=838
4:248  0:000   - [21]: SSDT  CB-01    len=12290
4:248  0:000   - [22]: SSDT  CB-01    len=1310
4:248  0:000   - [23]: DBGP  CB-01    len=52
4:248  0:000   - [24]: DBG2  CB-01    len=97
4:248  0:000   - [25]: SSDT  CB-01    len=4202
4:248  0:000   - [26]: SSDT  CB-01    len=3806
4:248  0:000   - [27]: SSDT  CB-01    len=15033
4:248  0:000   - [28]: DMAR  CB-01    len=276
4:248  0:000   - [29]: FPDT  CB-01    len=68
4:248  0:000   - [30]: BGRT  CB-01    len=56
4:248  0:000  Calibrated TSC Frequency = 2710665610 = 2710MHz
4:248  0:000  === [ GetUserSettings ] ===================================
4:248  0:000  Add 2 devices:
4:248  0:000  USB FixOwnership: yes
4:248  0:000  Dropping 2 tables:
4:248  0:000   - [00]: Drop table  signature="#MCF" (46434D23)
4:248  0:000           - set table: 46434D23,                0 to drop: no
4:248  0:000   - [01]: Drop table  signature="DMAR" (52414D44)
4:248  0:000           - set table: 52414D44,                0 to drop: yes
4:248  0:000   - final DSDT Fix mask=10002100
4:248  0:000  PatchesDSDT: 9 requested
4:248  0:000   - [00]: (change _DSM to XSDM) lenToFind: 4, lenToReplace: 4, Target Bridge: <null string>
4:248  0:000   - [01]: (change OSID to IDOS) lenToFind: 4, lenToReplace: 4, Target Bridge: <null string>
4:248  0:000    patch disabled at config
4:248  0:000   - [02]: (change _OSI to XOSI) lenToFind: 4, lenToReplace: 4, Target Bridge: <null string>
4:248  0:000    patch disabled at config
4:248  0:000   - [03]: (change HDAS to HDEF) lenToFind: 4, lenToReplace: 4, Target Bridge: <null string>
4:248  0:000   - [04]: (change HECI to IMEI) lenToFind: 4, lenToReplace: 4, Target Bridge: <null string>
4:248  0:000   - [05]: (change GFX0 to IGPU) lenToFind: 4, lenToReplace: 4, Target Bridge: <null string>
4:248  0:000   - [06]: (change SAT0 to SATA) lenToFind: 4, lenToReplace: 4, Target Bridge: <null string>
4:248  0:000   - [07]: (change PCI0.VID to IGPU #1 (Thinkpad)) lenToFind: 8, lenToReplace: 8, Target Bridge: <null string>
4:248  0:000   - [08]: (change PCI0.VID to IGPU #2 (Thinkpad)) lenToFind: 14, lenToReplace: 14, Target Bridge: <null string>
4:248  0:000  Using ProductName from config: MacBookPro14,2
4:248  0:000  Found same BiosVersion in clover and config
4:248  0:000  BiosVersion: MBP142.88Z.F000.B00.1809171524
4:248  0:000  BiosReleaseDate: 09/17/2018
4:248  0:000  Using EfiVersion from config: 184.0.0.0.0
4:248  0:000  Using FirmwareFeatures from config: 0xFC0FE137
4:248  0:000  Using FirmwareFeaturesMask from config: 0xFF1FFF3F
4:248  0:000  Board-ID set from config as Mac-CAD6701F7CEA0921
4:248  0:000  BoardType: 0xA
4:248  0:000  ChassisType: 0x9
4:249  0:000  === [ Found DSDT tables ] =================================
4:250  0:000  - DSDT.aml
4:348  0:098  === [ ScanVolumes ] =======================================
4:348  0:000  Found 14 volumes with blockIO
4:348  0:000  - [00]: Volume: PciRoot(0x0)\Pci(0x17,0x0)\Sata(0x0,0x0,0x0)
4:348  0:000  - [01]: Volume: PciRoot(0x0)\Pci(0x17,0x0)\Sata(0x0,0x0,0x0)\HD(1,GPT,0A0AF98E-E0F5-4A7C-AB20-4FDA4A511B8D,0x800,0x82000)
4:348  0:000          Result of bootcode detection: bootable Windows (vista,win)
4:348  0:000          This is SelfVolume !!
4:348  0:000  - [02]: Volume: PciRoot(0x0)\Pci(0x17,0x0)\Sata(0x0,0x0,0x0)\HD(2,GPT,785BFCD1-2C45-48AA-A134-B5A2FAEDF1E5,0x82800,0x8000)
4:348  0:000  - [03]: Volume: PciRoot(0x0)\Pci(0x17,0x0)\Sata(0x0,0x0,0x0)\HD(3,GPT,1EDB7A12-B56B-4C8A-BDDD-022D3EE6BAED,0x8A800,0xC800000)
4:349  0:000          Result of bootcode detection: bootable Windows (vista,win)
4:349  0:000          hiding this volume
4:349  0:000  - [04]: Volume: PciRoot(0x0)\Pci(0x17,0x0)\Sata(0x0,0x0,0x0)\HD(4,GPT,EC6FD073-1EBB-4FA1-93BA-344F38B14998,0xC88A800,0x3BCC646)
4:349  0:000          Result of bootcode detection: bootable Windows (vista,win)
4:349  0:000  - [05]: Volume: PciRoot(0x0)\Pci(0x17,0x0)\Sata(0x0,0x0,0x0)\HD(5,GPT,972221FC-66C3-4ECC-B848-2E0633A2E559,0x10456E48,0xD6A81B8)
4:349  0:000          Result of bootcode detection: bootable unknown (legacy)
4:349  0:000  - [06]: Volume: PciRoot(0x0)\Pci(0x17,0x0)\Sata(0x0,0x0,0x0)\HD(6,GPT,60416E8B-5515-451D-BE39-35BD981A6169,0x1DAFF000,0x1F4000)
4:349  0:000          Result of bootcode detection: bootable Windows (vista,win)
4:349  0:000  - [07]: Volume: PciRoot(0x0)\Pci(0x14,0x0)\USB(0x2,0x0)
4:350  0:000          USB volume
4:350  0:000  - [08]: Volume: PciRoot(0x0)\Pci(0x14,0x0)\USB(0x2,0x0)\HD(1,GPT,D89276D8-16DB-4070-AF67-A11A46BFEB18,0x28,0x64000)
4:351  0:000          Result of bootcode detection: bootable unknown (legacy)
4:351  0:000          USB volume
4:351  0:000  - [09]: Volume: PciRoot(0x0)\Pci(0x14,0x0)\USB(0x2,0x0)\HD(2,GPT,9E026D54-E099-48AB-9895-6DD66995E305,0x64028,0xC65DA0)
4:352  0:000          USB volume
4:352  0:000  - [10]: Volume: PciRoot(0x0)\Pci(0x17,0x0)\Sata(0x0,0x0,0x0)\HD(5,GPT,972221FC-66C3-4ECC-B848-2E0633A2E559,0x10456E48,0xD6A81B8)\VenMedia(BE74FCF7-0B7C-49F3-9147-01F4042E6842,A84C4D5C967D0346AB10F7DE711DC7E8)
4:352  0:000          hiding this volume
4:352  0:000  - [11]: Volume: PciRoot(0x0)\Pci(0x17,0x0)\Sata(0x0,0x0,0x0)\HD(5,GPT,972221FC-66C3-4ECC-B848-2E0633A2E559,0x10456E48,0xD6A81B8)\VenMedia(BE74FCF7-0B7C-49F3-9147-01F4042E6842,FE510FC292B91E3CB479F2F1273DA0F3)
4:352  0:000  - [12]: Volume: PciRoot(0x0)\Pci(0x17,0x0)\Sata(0x0,0x0,0x0)\HD(5,GPT,972221FC-66C3-4ECC-B848-2E0633A2E559,0x10456E48,0xD6A81B8)\VenMedia(BE74FCF7-0B7C-49F3-9147-01F4042E6842,DABE4B2A1F11D045AEF1A91FE3C39631)
4:352  0:000          hiding this volume
4:352  0:000  - [13]: Volume: PciRoot(0x0)\Pci(0x17,0x0)\Sata(0x0,0x0,0x0)\HD(5,GPT,972221FC-66C3-4ECC-B848-2E0633A2E559,0x10456E48,0xD6A81B8)\VenMedia(BE74FCF7-0B7C-49F3-9147-01F4042E6842,69330AE5F58C5A40954CA61FB5B13DB2)
4:355  0:003  PutNvramPlistToRtVars: nvram.plist not found
4:355  0:000  found 2 handles with audio
4:355  0:000  No AudioIoDevice stored
4:355  0:000  no stored audio parameters
4:355  0:000  === [ InitTheme ] =========================================
4:355  0:000  use night theme
4:355  0:000   using embedded theme
4:355  0:000  got embedded sound
4:355  0:000    Channels: 2  Sample rate: 8000 Hz  Bits: 16
4:355  0:000  output to channel 0 with volume 70, len=25600
4:355  0:000   sound channels=2 bits=16 freq=8000
4:355  0:000  sound converted to 48kHz
4:355  0:000  not found AudioIo to play
4:355  0:000  sound play end with status=54711514
4:356  0:000  Using embedded font: Success
4:356  0:000  theme inited
4:356  0:000  Chosen embedded theme
4:356  0:000  after NVRAM boot-args=-lilubetaall nv_disable=1 igfxcflbklt=force kext-dev-mode=1
4:356  0:000  === [ Dump SMC keys from NVRAM ] ==========================
4:356  0:000  found AppleSMC protocol
4:356  0:000  Registered 0 SMC keys
4:356  0:000  === [ ScanLoader ] ========================================
4:356  0:000  - [01]: 'SYSTEM_DRV'
4:356  0:000          AddLoaderEntry for Volume Name=SYSTEM_DRV
4:358  0:001          AddLoaderEntry for Volume Name=SYSTEM_DRV
4:358  0:000          skipped because entry is hidden
4:358  0:000  - [03]: 'Windows', hidden
4:358  0:000  - [04]: 'LENOVO'
4:366  0:008  - [06]: 'LRS_ESP'
4:366  0:000          AddLoaderEntry for Volume Name=LRS_ESP
4:366  0:000          skipped because entry is hidden
4:366  0:000  - [08]: 'EFI'
4:366  0:000          AddLoaderEntry for Volume Name=EFI
4:366  0:000          skipped because entry is hidden
4:366  0:000  - [09]: 'Install macOS Mojave'
4:368  0:001          AddLoaderEntry for Volume Name=Install macOS Mojave
4:373  0:004  - [10]: 'Preboot', hidden
4:373  0:000  - [11]: 'mac'
4:382  0:009          AddLoaderEntry for Volume Name=mac
4:383  0:001      hibernated: set as never
4:685  0:301  - [12]: 'Recovery', hidden
4:685  0:000  - [13]: 'VM'
4:685  0:000  === [ AddCustomTool ] =====================================
4:685  0:000  found tool \EFI\CLOVER\tools\Shell64U.efi
4:685  0:000  Checking EFI partition Volume 1 for Clover
4:685  0:000   Found Clover
4:686  0:000  EmuVariable UninstallEmulation: CloseEvent = Success, original var services restored
4:686  0:000  EmuVariable InstallEmulation: orig vars copied, emu.var.services installed, CreateEvent VirtualAddressChange = Success, CreateEvent ExitBootServices = Success, set Status=Success
4:719  0:032  === [ GetEfiBootDeviceFromNvram ] =========================
4:719  0:000   - found entry 2. 'Boot macOS from mac', Volume 'mac', DevicePath 'PciRoot(0x0)\Pci(0x17,0x0)\Sata(0x0,0x0,0x0)\HD(5,GPT,972221FC-66C3-4ECC-B848-2E0633A2E559,0x10456E48,0xD6A81B8)\VenMedia(BE74FCF7-0B7C-49F3-9147-01F4042E6842,FE510FC292B91E3CB479F2F1273DA0F3)\System\Library\CoreServices\boot.efii'
4:719  0:000  EmuVariable UninstallEmulation: CloseEvent = Success, original var services restored
4:719  0:000  DefaultIndex=2 and MainMenu.EntryCount=9
4:765  0:046  GUI ready
